19:24:05.344 [info] Child {LoggerFileBackend, :general_log} of Supervisor Logger.Backends.Supervisor started
Pid: #PID<0.112.0>
Start Call: Logger.Backends.Watcher.start_link({{LoggerFileBackend, :general_log}, {LoggerFileBackend, :general_log}})
Restart: :transient
Shutdown: 5000
Type: :worker
19:24:05.344 [info] Child Logger.Backends.Supervisor of Supervisor Logger.Backends.Internal started
Pid: #PID<0.111.0>
Start Call: Logger.Backends.Supervisor.start_link([{LoggerFileBackend, :general_log}])
Restart: :permanent
Shutdown: :infinity
Type: :supervisor
19:24:05.344 [info] Child Logger.Backends.Internal of Supervisor Logger.Supervisor started
Pid: #PID<0.107.0>
Start Call: Logger.Backends.Internal.start_link([])
Restart: :permanent
Shutdown: :infinity
Type: :supervisor
19:24:05.345 [info] Application logger started at :nonode@nohost
19:24:06.038 [info] Child :ttb_autostart of Supervisor :runtime_tools_sup started
Pid: #PID<0.1541.0>
Start Call: :ttb_autostart.start_link()
Restart: :temporary
Shutdown: 3000
Type: :worker
19:24:06.038 [info] Application runtime_tools started at :nonode@nohost
19:24:06.039 [info] Application erts started at :nonode@nohost
19:24:06.039 [info] Application lx_lexical_shared started at :nonode@nohost
19:24:06.039 [info] Application lx_lexical_test started at :nonode@nohost
19:24:06.040 [info] Child LXSnowflake.Generator of Supervisor #PID<0.1544.0> (Supervisor.Default) started
Pid: #PID<0.1545.0>
Start Call: LXSnowflake.Generator.start_link(1704070800000, 1)
Restart: :permanent
Shutdown: 5000
Type: :worker
19:24:06.040 [info] Application lx_snowflake started at :nonode@nohost
19:24:06.040 [info] Application lx_sourceror started at :nonode@nohost
19:24:06.040 [info] Application lx_common started at :nonode@nohost
19:24:06.040 [info] Application lx_elixir_sense started at :nonode@nohost
19:24:06.040 [info] Application jason started at :nonode@nohost
19:24:06.040 [info] Application logger_file_backend started at :nonode@nohost
19:24:06.040 [info] Application lx_path_glob started at :nonode@nohost
19:24:06.040 [info] Application lx_proto started at :nonode@nohost
19:24:06.040 [info] Application lx_protocol started at :nonode@nohost
19:24:06.050 [info] Child LXical.Document.Store of Supervisor LXical.Server.Supervisor started
Pid: #PID<0.1549.0>
Start Call: LXical.Document.Store.start_link([derive: [analysis: &LXical.Ast.analyze/1]])
Restart: :permanent
Shutdown: 5000
Type: :worker
19:24:06.052 [info] Child LXical.Server of Supervisor LXical.Server.Supervisor started
Pid: #PID<0.1550.0>
Start Call: LXical.Server.start_link([])
Restart: :permanent
Shutdown: 5000
Type: :worker
19:24:06.052 [info] Child LXical.Server.ProjectSupervisor of Supervisor LXical.Server.Supervisor started
Pid: #PID<0.1551.0>
Start Call: DynamicSupervisor.start_link([name: LXical.Server.ProjectSupervisor, strategy: :one_for_one])
Restart: :permanent
Shutdown: :infinity
Type: :supervisor
19:24:06.052 [info] Child LXical.Server.TaskQueue.State.TaskSupervisor of Supervisor LXical.Server.Supervisor started
Pid: #PID<0.1552.0>
Start Call: Task.Supervisor.start_link([name: LXical.Server.TaskQueue.State.TaskSupervisor])
Restart: :permanent
Shutdown: :infinity
Type: :supervisor
19:24:06.052 [info] Child LXical.Server.TaskQueue of Supervisor LXical.Server.Supervisor started
Pid: #PID<0.1553.0>
Start Call: LXical.Server.TaskQueue.start_link([])
Restart: :permanent
Shutdown: 5000
Type: :worker
19:24:06.052 [info] Child LXical.Server.Transport.StdIO of Supervisor LXical.Server.Supervisor started
Pid: #PID<0.1554.0>
Start Call: LXical.Server.Transport.StdIO.start_link(:standard_io, &LXical.Server.protocol_message/1)
Restart: :permanent
Shutdown: 5000
Type: :worker
19:24:06.052 [info] Application lx_server started at :nonode@nohost
19:24:06.060 [error] stdio received :eof, server will stop.
19:24:06.060 [error] Child LXical.Server.Transport.StdIO of Supervisor LXical.Server.Supervisor terminated
** (exit) normal
Pid: #PID<0.1554.0>
Start Call: LXical.Server.Transport.StdIO.start_link(:standard_io, &LXical.Server.protocol_message/1)
Restart: :permanent
Shutdown: 5000
Type: :worker
19:24:06.060 [info] Child LXical.Server.Transport.StdIO of Supervisor LXical.Server.Supervisor started
Pid: #PID<0.1555.0>
Start Call: LXical.Server.Transport.StdIO.start_link(:standard_io, &LXical.Server.protocol_message/1)
Restart: :permanent
Shutdown: 5000
Type: :worker
